  [1m[35mSQL (0.0ms)[0m  [1m[35mSET search_path TO public /*application='FloxRailsPoc'*/[0m
  [1m[35m (22.3ms)[0m  [1m[35mCREATE DATABASE "flox_rails_poc_development" ENCODING = 'unicode' /*application='FloxRailsPoc'*/[0m
  [1m[35mSQL (0.0ms)[0m  [1m[35mSET search_path TO public /*application='FloxRailsPoc'*/[0m
  [1m[35m (14.7ms)[0m  [1m[35mCREATE DATABASE "flox_rails_poc_test" ENCODING = 'unicode' /*application='FloxRailsPoc'*/[0m
  [1m[35m (4.1ms)[0m  [1m[35mCREATE TABLE "schema_migrations" ("version" character varying NOT NULL PRIMARY KEY) /*application='FloxRailsPoc'*/[0m
  [1m[35m (2.3ms)[0m  [1m[35mCREATE TABLE "ar_internal_metadata" ("key" character varying NOT NULL PRIMARY KEY, "value" character varying, "created_at" timestamp(6) NOT NULL, "updated_at" timestamp(6) NOT NULL) /*application='FloxRailsPoc'*/[0m
  [1m[35m (0.1ms)[0m  [1m[34mSELECT pg_try_advisory_lock(6297089534076369735) /*application='FloxRailsPoc'*/[0m
  [1m[36mActiveRecord::SchemaMigration Load (0.7ms)[0m  [1m[34mSELECT "schema_migrations"."version" FROM "schema_migrations" ORDER BY "schema_migrations"."version" ASC /*application='FloxRailsPoc'*/[0m
  [1m[36mActiveRecord::InternalMetadata Load (0.9ms)[0m  [1m[34mSELECT * FROM "ar_internal_metadata" WHERE "ar_internal_metadata"."key" = 'environment' ORDER BY "ar_internal_metadata"."key" ASC LIMIT 1 /*application='FloxRailsPoc'*/[0m
  [1m[36mActiveRecord::InternalMetadata Create (1.4ms)[0m  [1m[32mINSERT INTO "ar_internal_metadata" ("key", "value", "created_at", "updated_at") VALUES ('environment', 'development', '2026-03-22 15:27:03.284044', '2026-03-22 15:27:03.284047') RETURNING "key" /*application='FloxRailsPoc'*/[0m
Migrating to CreateItems (20260322000001)
  [1m[36mTRANSACTION (0.3ms)[0m  [1m[35mBEGIN /*application='FloxRailsPoc'*/[0m
  [1m[35m (4.1ms)[0m  [1m[35mCREATE TABLE "items" ("id" bigserial primary key, "name" character varying NOT NULL, "description" text, "created_at" timestamp(6) NOT NULL, "updated_at" timestamp(6) NOT NULL) /*application='FloxRailsPoc'*/[0m
  [1m[36mActiveRecord::SchemaMigration Create (0.5ms)[0m  [1m[32mINSERT INTO "schema_migrations" ("version") VALUES ('20260322000001') RETURNING "version" /*application='FloxRailsPoc'*/[0m
  [1m[36mTRANSACTION (1.5ms)[0m  [1m[35mCOMMIT /*application='FloxRailsPoc'*/[0m
  [1m[35m (0.3ms)[0m  [1m[34mSELECT pg_advisory_unlock(6297089534076369735) /*application='FloxRailsPoc'*/[0m
  [1m[36mActiveRecord::SchemaMigration Load (0.2ms)[0m  [1m[34mSELECT "schema_migrations"."version" FROM "schema_migrations" ORDER BY "schema_migrations"."version" ASC /*application='FloxRailsPoc'*/[0m
  [1m[35mSQL (0.1ms)[0m  [1m[35mSET search_path TO public /*application='FloxRailsPoc'*/[0m
  [1m[35mSQL (0.2ms)[0m  [1m[35mSET search_path TO "$user", public /*application='FloxRailsPoc'*/[0m
  [1m[35mSQL (0.1ms)[0m  [1m[35mSET search_path TO public /*application='FloxRailsPoc'*/[0m
  [1m[35mSQL (0.0ms)[0m  [1m[35mSET search_path TO "$user", public /*application='FloxRailsPoc'*/[0m
  [1m[36mActiveRecord::SchemaMigration Load (0.2ms)[0m  [1m[34mSELECT "schema_migrations"."version" FROM "schema_migrations" ORDER BY "schema_migrations"."version" ASC /*application='FloxRailsPoc'*/[0m
  [1m[36mItem Load (0.4ms)[0m  [1m[34mSELECT "items".* FROM "items" WHERE "items"."name" = 'Example Item' LIMIT 1 /*application='FloxRailsPoc'*/[0m
  [1m[36mTRANSACTION (0.3ms)[0m  [1m[35mBEGIN /*application='FloxRailsPoc'*/[0m
  [1m[36mItem Create (0.5ms)[0m  [1m[32mINSERT INTO "items" ("name", "description", "created_at", "updated_at") VALUES ('Example Item', 'Created by db:seed to verify the setup works', '2026-03-22 15:27:03.364840', '2026-03-22 15:27:03.364840') RETURNING "id" /*application='FloxRailsPoc'*/[0m
  [1m[36mTRANSACTION (1.0ms)[0m  [1m[35mCOMMIT /*application='FloxRailsPoc'*/[0m
  [1m[36mItem Count (0.3ms)[0m  [1m[34mSELECT COUNT(*) FROM "items" /*application='FloxRailsPoc'*/[0m
